<?xml version="1.0" encoding="UTF-8"?>
<!-- Generated by org.testng.reporters.JUnitReportReporter -->
<testsuite hostname="LE15-HM8-IND" failures="0" tests="1" name="restGithub.CreateRepo" time="3.153" errors="0" timestamp="04 Dec 2022 07:09:20 GMT" skipped="0">
  <testcase classname="restGithub.CreateRepo" name="test1" time="3.153"/>
</testsuite> <!-- restGithub.CreateRepo -->
