<?xml version="1.0" encoding="UTF-8"?>
<!-- Generated by org.testng.reporters.JUnitReportReporter -->
<testsuite hostname="LE15-HM8-IND" failures="0" tests="1" name="restAPI.DeleteRequestwithMap" time="1.308" errors="0" timestamp="04 Dec 2022 04:37:54 GMT" skipped="0">
  <testcase classname="restAPI.DeleteRequestwithMap" name="test1" time="1.308"/>
</testsuite> <!-- restAPI.DeleteRequestwithMap -->
