<?xml version="1.0" encoding="UTF-8"?>
<!-- Generated by org.testng.reporters.JUnitReportReporter -->
<testsuite hostname="LE15-HM8-IND" failures="0" tests="3" name="restAPIBDD.GetRequest" time="2.714" errors="0" timestamp="04 Dec 2022 07:08:52 GMT" skipped="0">
  <testcase classname="restAPIBDD.GetRequest" name="test1" time="1.936"/>
  <testcase classname="restAPIBDD.GetRequest" name="test2" time="0.578"/>
  <testcase classname="restAPIBDD.GetRequest" name="test3" time="0.200"/>
</testsuite> <!-- restAPIBDD.GetRequest -->
