<?xml version="1.0" encoding="UTF-8"?>
<!-- Generated by org.testng.reporters.JUnitReportReporter -->
<testsuite hostname="LE15-HM8-IND" failures="0" tests="1" name="restAPIXML.XMLExample" time="2.991" errors="0" timestamp="04 Dec 2022 05:19:35 GMT" skipped="0">
  <testcase classname="restAPIXML.XMLExample" name="test1" time="2.991"/>
</testsuite> <!-- restAPIXML.XMLExample -->
