<?xml version="1.0" encoding="UTF-8"?>
<!-- Generated by org.testng.reporters.JUnitReportReporter -->
<testsuite hostname="LE15-HM8-IND" failures="0" tests="1" name="restAPI.GetRequest" time="2.800" errors="0" timestamp="03 Dec 2022 05:07:55 GMT" skipped="0">
  <testcase classname="restAPI.GetRequest" name="test1" time="2.800"/>
</testsuite> <!-- restAPI.GetRequest -->
