<?xml version="1.0" encoding="UTF-8"?>
<!-- Generated by org.testng.reporters.JUnitReportReporter -->
<testsuite hostname="LE15-HM8-IND" failures="0" tests="1" name="restAPI.PutRequestWithMap" time="1.551" errors="0" timestamp="04 Dec 2022 04:35:32 GMT" skipped="0">
  <testcase classname="restAPI.PutRequestWithMap" name="test1" time="1.551"/>
</testsuite> <!-- restAPI.PutRequestWithMap -->
